[debug] [2025-12-12T14:40:25.381Z] ----------------------------------------------------------------------
[debug] [2025-12-12T14:40:25.387Z] Command:       C:\Program Files\nodejs\node.exe C:\Users\epeac\AppData\Roaming\npm\node_modules\firebase-tools\lib\bin\firebase.js deploy
[debug] [2025-12-12T14:40:25.388Z] CLI Version:   14.22.0
[debug] [2025-12-12T14:40:25.388Z] Platform:      win32
[debug] [2025-12-12T14:40:25.388Z] Node Version:  v22.21.0
[debug] [2025-12-12T14:40:25.388Z] Time:          Fri Dec 12 2025 15:40:25 GMT+0100 (West Africa Standard Time)
[debug] [2025-12-12T14:40:25.388Z] ----------------------------------------------------------------------
[debug] 
[debug] [2025-12-12T14:40:25.671Z] > command requires scopes: ["email","openid","https://www.googleapis.com/auth/cloudplatformprojects.readonly","https://www.googleapis.com/auth/firebase","https://www.googleapis.com/auth/cloud-platform"]
[debug] [2025-12-12T14:40:25.672Z] > authorizing via signed-in user (epeace43@gmail.com)
[debug] [2025-12-12T14:40:25.672Z] [iam] checking project buysmartly-demo-v2-001 for permissions ["firebase.projects.get","firebasehosting.sites.update"]
[debug] [2025-12-12T14:40:25.674Z] Checked if tokens are valid: true, expires at: 1765553787232
[debug] [2025-12-12T14:40:25.674Z] Checked if tokens are valid: true, expires at: 1765553787232
[debug] [2025-12-12T14:40:25.675Z] >>> [apiv2][query] POST https://cloudresourcemanager.googleapis.com/v1/projects/buysmartly-demo-v2-001:testIamPermissions [none]
[debug] [2025-12-12T14:40:25.675Z] >>> [apiv2][(partial)header] POST https://cloudresourcemanager.googleapis.com/v1/projects/buysmartly-demo-v2-001:testIamPermissions x-goog-quota-user=projects/buysmartly-demo-v2-001
[debug] [2025-12-12T14:40:25.675Z] >>> [apiv2][body] POST https://cloudresourcemanager.googleapis.com/v1/projects/buysmartly-demo-v2-001:testIamPermissions {"permissions":["firebase.projects.get","firebasehosting.sites.update"]}
[debug] [2025-12-12T14:40:27.301Z] <<< [apiv2][status] POST https://cloudresourcemanager.googleapis.com/v1/projects/buysmartly-demo-v2-001:testIamPermissions 200
[debug] [2025-12-12T14:40:27.301Z] <<< [apiv2][body] POST https://cloudresourcemanager.googleapis.com/v1/projects/buysmartly-demo-v2-001:testIamPermissions {"permissions":["firebase.projects.get","firebasehosting.sites.update"]}
[debug] [2025-12-12T14:40:27.302Z] Checked if tokens are valid: true, expires at: 1765553787232
[debug] [2025-12-12T14:40:27.302Z] Checked if tokens are valid: true, expires at: 1765553787232
[debug] [2025-12-12T14:40:27.302Z] >>> [apiv2][query] GET https://firebase.googleapis.com/v1beta1/projects/buysmartly-demo-v2-001 [none]
[debug] [2025-12-12T14:40:27.978Z] <<< [apiv2][status] GET https://firebase.googleapis.com/v1beta1/projects/buysmartly-demo-v2-001 200
[debug] [2025-12-12T14:40:27.978Z] <<< [apiv2][body] GET https://firebase.googleapis.com/v1beta1/projects/buysmartly-demo-v2-001 {"projectId":"buysmartly-demo-v2-001","projectNumber":"472042787228","displayName":"BuySmartlyNow Demo","name":"projects/buysmartly-demo-v2-001","resources":{"hostingSite":"buysmartly-demo-v2-001"},"state":"ACTIVE","etag":"1_f9e382b4-1856-4fcb-84fc-02436a8e303b"}
[info] 
[info] === Deploying to 'buysmartly-demo-v2-001'...
[info] 
[info] i  deploying hosting 
[debug] [2025-12-12T14:40:27.985Z] Checked if tokens are valid: true, expires at: 1765553787232
[debug] [2025-12-12T14:40:27.985Z] Checked if tokens are valid: true, expires at: 1765553787232
[debug] [2025-12-12T14:40:27.985Z] >>> [apiv2][query] POST https://firebasehosting.googleapis.com/v1beta1/projects/-/sites/buysmartly-demo-v2-001/versions [none]
[debug] [2025-12-12T14:40:27.985Z] >>> [apiv2][body] POST https://firebasehosting.googleapis.com/v1beta1/projects/-/sites/buysmartly-demo-v2-001/versions {"status":"CREATED","labels":{"deployment-tool":"cli-firebase"}}
[debug] [2025-12-12T14:40:31.032Z] <<< [apiv2][status] POST https://firebasehosting.googleapis.com/v1beta1/projects/-/sites/buysmartly-demo-v2-001/versions 200
[debug] [2025-12-12T14:40:31.032Z] <<< [apiv2][body] POST https://firebasehosting.googleapis.com/v1beta1/projects/-/sites/buysmartly-demo-v2-001/versions {"name":"projects/472042787228/sites/buysmartly-demo-v2-001/versions/e46f3fc1f1ce63b7","status":"CREATED","config":{},"labels":{"deployment-tool":"cli-firebase"}}
[info] i  hosting[buysmartly-demo-v2-001]: beginning deploy... 
[info] i  hosting[buysmartly-demo-v2-001]: found 47 files in . 
[debug] [2025-12-12T14:40:31.063Z] [hosting] uploading with 200 concurrency
[debug] [2025-12-12T14:40:31.064Z] [hosting] hash cache [] not populated
[debug] [2025-12-12T14:40:31.095Z] Checked if tokens are valid: true, expires at: 1765553787232
[debug] [2025-12-12T14:40:31.095Z] Checked if tokens are valid: true, expires at: 1765553787232
[debug] [2025-12-12T14:40:31.098Z] [hosting] hash cache [] stored for 47 files
[debug] [2025-12-12T14:40:31.098Z] [hosting][hash queue][FINAL] {"max":25,"min":13,"avg":19.787234042553187,"active":0,"complete":47,"success":47,"errored":0,"retried":0,"total":47,"elapsed":32}
[debug] [2025-12-12T14:40:31.098Z] >>> [apiv2][query] POST https://firebasehosting.googleapis.com/v1beta1/projects/472042787228/sites/buysmartly-demo-v2-001/versions/e46f3fc1f1ce63b7:populateFiles [none]
[debug] [2025-12-12T14:40:31.098Z] >>> [apiv2][body] POST https://firebasehosting.googleapis.com/v1beta1/projects/472042787228/sites/buysmartly-demo-v2-001/versions/e46f3fc1f1ce63b7:populateFiles {"files":{"/.git/HEAD":"9191d8db3ee48badb49aa2f44d2e030b6afa030f7805cfb8ec43931772fce6b2","/css/style.css":"e1f4fa1714564618f903a2a44917046dccf172789468b183847e64fcd3d9c150","/README.md":"51f989a29f5ae3d727e3afce6f091a0dae9a077f7218790abd839a6d326d79a0","/.git/index":"7e78e46c4edb2277615cfaba91e6a32b8541751b616718e31d91fce39dbbeaec","/.git/config":"6e8dd92068042842fcd4e938010d67215b1af3d6c780f97f9c87b918532a3ef7","/.git/FETCH_HEAD":"c83f6982b1aa72081244eb9a8f1e6d7698a36609876abf12869d9a0aca363938","/.git/description":"82406efccfbaa0195ef86e8c8aa8fc71d38fb93a6aa0fbd00d90629d3bbe2342","/js/app.js":"29f06a7ce952630e6adafab9e4f5f8b7931e35279298327fe51a7e08e7a434bc","/.git/refs/remotes/origin/master":"2af33d96fcd8aeb28f52a63a8031d4851813ae388208551ad0f335433690b77b","/.git/refs/remotes/origin/HEAD":"a7a4d2956ff9b23a0c08291cd244aa8f96c1f10b8b0f6c6a180c1993523104c5","/.git/refs/heads/master":"2af33d96fcd8aeb28f52a63a8031d4851813ae388208551ad0f335433690b77b","/.git/COMMIT_EDITMSG":"aa67fc3c767a1fde399788c96e8a7ec39680a522a61fcf0ea0671e3b2afe8d45","/index.html":"6fed11e2b980d082feb2ae75f0a56afaa2facaf5f638347a21bb4478685f8609","/.git/objects/f8/90915f8e32ae150de41a5a6947db21b657a88b":"5b2632b4ea5416f78452239f166de4075f80d035bd443b47189c5e3f3b7d7038","/.git/objects/9d/0a1a7a1a117b2752894aeeafa527d94e1daffd":"cece8fbc5648422a4daa44ea2384a58bffabc54f1398d5bc77648729fc158f0c","/.git/objects/e0/8cd9e1a218acececc03d1ab83cd382c79b6cd5":"d9bd0dedf7c547987429946f0e5deac9216a832ef5b08917e0aacdc3fb8d8865","/.git/objects/6e/267fc2bd2c7f77854283356953e0275c2b49d6":"edc44000386d8f8e7163c030af34400c6d1ad238dffdd79d275483f24d6c556c","/.git/objects/f6/b9d17f03df0b7e6cf9930662f8e01d92d938d7":"2bedbdcb0f52a41a9cef5e84c2366e39fa828b2084158dbd143b3a3f631b7647","/.git/objects/bf/454faeb6680e9a571d1485c6c25d3c7e30be9d":"fb40e6ca61c5c6b57d8301d66bd83b877e37c790432e7d768247b4a368fe8a72","/.git/objects/4c/779c0adbff18e1d5d5709aee5ef30f03ad0fe6":"fd6de17d887b8454416438f02e02d5926604f7a8eaf0b3e41db985b8681ddea1","/.git/objects/5d/21a086040614034034fafc7eb067918c26ddda":"613ce6901a92453562070c177848d059e7e2090dc0fb07b1574a529f1e02ece7","/.git/objects/39/0d0d24a48e9ed9406ae786c305e30715022e3e":"849f2529edf7f5e92ab3c478d786267b035e3d8ffbfca5d2366244cb9e9d94da","/.git/objects/ee/1dbc493708af7cf9f44a8b543b15c57789aed5":"40b3189ae42a2f11acf288064b2ee02a5e853cc2fe5fee356ecffb6c8bf5818c","/.git/objects/48/53fc635e8e1dd33a84505c9682867cd17c4fac":"01d9730acdec77976e6056da6b8ed8f8cc143b09b0333ccf96ce4f62a8386d1e","/.git/objects/37/9a9133d88617d4ed704f36476bd8810621007d":"5cd1d652646519709e2763369b7dbecac9efdb394d9f4f4e3129624c509247af","/.git/logs/refs/remotes/origin/master":"df5b4cd0645928b867147492e4b77d3ec51d1c02acf766c74c572cb38f2d3cc5","/.git/logs/HEAD":"291253760f97910822c95c505f991350c1d3adaa16754edcbe12ebdb2db7f986","/.git/logs/refs/remotes/origin/HEAD":"4c3670ed028b5b4d9099a21dad979f053149f1273839a1c9802789791e5746cd","/.git/objects/99/1b54b25293f38c9bfa7918d96a269097f23cd6":"0366f95bbc72bff589959fd52f94e0a78c15e958f89d7c2c570614abdb4c2f00","/.git/info/exclude":"994a83b0bd13a31e35114caf18e8b7fcff4253406797d657aa1d9ea64c7b721d","/.git/logs/refs/heads/master":"291253760f97910822c95c505f991350c1d3adaa16754edcbe12ebdb2db7f986","/.git/objects/30/1a31ff9f1d55d704651ee46bcea7808abeb2b9":"78805c236c5cc45d366b8d588fd352d15aec6425d13d4fb60aadda17aaa1ac5b","/.git/objects/22/898617d91c48ce80e66d5801239b920b7c60f4":"da6a54889ddf1fb15aede16d14ffb735fd21072760981f95412b3e4b3b479862","/.git/hooks/update.sample":"a022fa3ca5c3a9dffa3c09dc035866a2c4e6e935a372724aabba8dd6a5639fee","/.git/hooks/sendemail-validate.sample":"5179ae7bdd72e97e2d9cdbfcec1e72434f42f7f5748665239355f08badcbbee7","/.git/hooks/push-to-checkout.sample":"b686f0c3faae36d5e3110bd8933f861039094c0a996e5c55c3a776a209ca119b","/.git/hooks/pre-receive.sample":"518430951f2c7182a5fc07191f43236719c64a5244e0ac82131ea92dbe4a2f67","/.git/hooks/prepare-commit-msg.sample":"da47e5ee9571edfcb45598d9e1ed424dc30a87011c99c5d205015bbc8cfe16cc","/.git/hooks/pre-merge-commit.sample":"08d54483ffa10c472d4b5bf54e637a763a905f6909af1491ad4ca8a19241496c","/.git/hooks/pre-applypatch.sample":"efd041617b404639750884bd01917d80c6ec9917e3021e448a1386a237184a36","/.git/hooks/pre-commit.sample":"0dc110f82f15687bb7daae0e09828a248ba74bacc4373b6c5e395fa1140853ef","/.git/hooks/post-update.sample":"4545774e0eba6264d25197fec3cc1520bfd61d16bf6b417b7b1566460ebc28ec","/.git/hooks/pre-push.sample":"661c005b1ebf95bb520578d7421bf511e0d91ecac507fc1818ee60c2e3127f64","/.git/hooks/pre-rebase.sample":"4c12afd92c797d205ded918d4da7fff21f264e3347ccfe1f718df372100dea0e","/.git/hooks/applypatch-msg.sample":"e989aeea500fde675ea8ee009c4cf25aae7abbf4dd02c15b04cb8c85404dbca3","/.git/hooks/commit-msg.sample":"00ffdd1510ab6aa72447787ad1516c9bea8345a9cf6ac5345afb1f44aba07f6f","/.git/hooks/fsmonitor-watchman.sample":"c7efd67fa8de750df765a1cf18a7bdf6c2298ab4a4ab1eed2772a32e4fd9725d"}}
[debug] [2025-12-12T14:40:31.498Z] <<< [apiv2][status] POST https://firebasehosting.googleapis.com/v1beta1/projects/472042787228/sites/buysmartly-demo-v2-001/versions/e46f3fc1f1ce63b7:populateFiles 200
[debug] [2025-12-12T14:40:31.498Z] <<< [apiv2][body] POST https://firebasehosting.googleapis.com/v1beta1/projects/472042787228/sites/buysmartly-demo-v2-001/versions/e46f3fc1f1ce63b7:populateFiles {"uploadRequiredHashes":["51f989a29f5ae3d727e3afce6f091a0dae9a077f7218790abd839a6d326d79a0","661c005b1ebf95bb520578d7421bf511e0d91ecac507fc1818ee60c2e3127f64","4545774e0eba6264d25197fec3cc1520bfd61d16bf6b417b7b1566460ebc28ec","a022fa3ca5c3a9dffa3c09dc035866a2c4e6e935a372724aabba8dd6a5639fee","d9bd0dedf7c547987429946f0e5deac9216a832ef5b08917e0aacdc3fb8d8865","40b3189ae42a2f11acf288064b2ee02a5e853cc2fe5fee356ecffb6c8bf5818c","08d54483ffa10c472d4b5bf54e637a763a905f6909af1491ad4ca8a19241496c","0366f95bbc72bff589959fd52f94e0a78c15e958f89d7c2c570614abdb4c2f00","cece8fbc5648422a4daa44ea2384a58bffabc54f1398d5bc77648729fc158f0c","2af33d96fcd8aeb28f52a63a8031d4851813ae388208551ad0f335433690b77b","518430951f2c7182a5fc07191f43236719c64a5244e0ac82131ea92dbe4a2f67","01d9730acdec77976e6056da6b8ed8f8cc143b09b0333ccf96ce4f62a8386d1e","efd041617b404639750884bd01917d80c6ec9917e3021e448a1386a237184a36","00ffdd1510ab6aa72447787ad1516c9bea8345a9cf6ac5345afb1f44aba07f6f","849f2529edf7f5e92ab3c478d786267b035e3d8ffbfca5d2366244cb9e9d94da","edc44000386d8f8e7163c030af34400c6d1ad238dffdd79d275483f24d6c556c","2bedbdcb0f52a41a9cef5e84c2366e39fa828b2084158dbd143b3a3f631b7647","4c12afd92c797d205ded918d4da7fff21f264e3347ccfe1f718df372100dea0e","6fed11e2b980d082feb2ae75f0a56afaa2facaf5f638347a21bb4478685f8609","b686f0c3faae36d5e3110bd8933f861039094c0a996e5c55c3a776a209ca119b","c83f6982b1aa72081244eb9a8f1e6d7698a36609876abf12869d9a0aca363938","7e78e46c4edb2277615cfaba91e6a32b8541751b616718e31d91fce39dbbeaec","0dc110f82f15687bb7daae0e09828a248ba74bacc4373b6c5e395fa1140853ef","e1f4fa1714564618f903a2a44917046dccf172789468b183847e64fcd3d9c150","994a83b0bd13a31e35114caf18e8b7fcff4253406797d657aa1d9ea64c7b721d","aa67fc3c767a1fde399788c96e8a7ec39680a522a61fcf0ea0671e3b2afe8d45","29f06a7ce952630e6adafab9e4f5f8b7931e35279298327fe51a7e08e7a434bc","c7efd67fa8de750df765a1cf18a7bdf6c2298ab4a4ab1eed2772a32e4fd9725d","fb40e6ca61c5c6b57d8301d66bd83b877e37c790432e7d768247b4a368fe8a72","78805c236c5cc45d366b8d588fd352d15aec6425d13d4fb60aadda17aaa1ac5b","5179ae7bdd72e97e2d9cdbfcec1e72434f42f7f5748665239355f08badcbbee7","da6a54889ddf1fb15aede16d14ffb735fd21072760981f95412b3e4b3b479862","5b2632b4ea5416f78452239f166de4075f80d035bd443b47189c5e3f3b7d7038","82406efccfbaa0195ef86e8c8aa8fc71d38fb93a6aa0fbd00d90629d3bbe2342","a7a4d2956ff9b23a0c08291cd244aa8f96c1f10b8b0f6c6a180c1993523104c5","4c3670ed028b5b4d9099a21dad979f053149f1273839a1c9802789791e5746cd","da47e5ee9571edfcb45598d9e1ed424dc30a87011c99c5d205015bbc8cfe16cc","6e8dd92068042842fcd4e938010d67215b1af3d6c780f97f9c87b918532a3ef7","e989aeea500fde675ea8ee009c4cf25aae7abbf4dd02c15b04cb8c85404dbca3","df5b4cd0645928b867147492e4b77d3ec51d1c02acf766c74c572cb38f2d3cc5","fd6de17d887b8454416438f02e02d5926604f7a8eaf0b3e41db985b8681ddea1","613ce6901a92453562070c177848d059e7e2090dc0fb07b1574a529f1e02ece7","291253760f97910822c95c505f991350c1d3adaa16754edcbe12ebdb2db7f986","9191d8db3ee48badb49aa2f44d2e030b6afa030f7805cfb8ec43931772fce6b2","5cd1d652646519709e2763369b7dbecac9efdb394d9f4f4e3129624c509247af"],"uploadUrl":"https://upload-firebasehosting.googleapis.com/upload/sites/buysmartly-demo-v2-001/versions/e46f3fc1f1ce63b7/files"}
[debug] [2025-12-12T14:40:31.499Z] Checked if tokens are valid: true, expires at: 1765553787232
[debug] [2025-12-12T14:40:31.499Z] Checked if tokens are valid: true, expires at: 1765553787232
[debug] [2025-12-12T14:40:31.499Z] Checked if tokens are valid: true, expires at: 1765553787232
[debug] [2025-12-12T14:40:31.499Z] Checked if tokens are valid: true, expires at: 1765553787232
[debug] [2025-12-12T14:40:31.499Z] Checked if tokens are valid: true, expires at: 1765553787232
[debug] [2025-12-12T14:40:31.500Z] Checked if tokens are valid: true, expires at: 1765553787232
[debug] [2025-12-12T14:40:31.500Z] Checked if tokens are valid: true, expires at: 1765553787232
[debug] [2025-12-12T14:40:31.500Z] Checked if tokens are valid: true, expires at: 1765553787232
[debug] [2025-12-12T14:40:31.500Z] Checked if tokens are valid: true, expires at: 1765553787232
[debug] [2025-12-12T14:40:31.500Z] Checked if tokens are valid: true, expires at: 1765553787232
[debug] [2025-12-12T14:40:31.500Z] Checked if tokens are valid: true, expires at: 1765553787232
[debug] [2025-12-12T14:40:31.500Z] Checked if tokens are valid: true, expires at: 1765553787232
[debug] [2025-12-12T14:40:31.500Z] Checked if tokens are valid: true, expires at: 1765553787232
[debug] [2025-12-12T14:40:31.500Z] Checked if tokens are valid: true, expires at: 1765553787232
[debug] [2025-12-12T14:40:31.500Z] Checked if tokens are valid: true, expires at: 1765553787232
[debug] [2025-12-12T14:40:31.500Z] Checked if tokens are valid: true, expires at: 1765553787232
[debug] [2025-12-12T14:40:31.500Z] Checked if tokens are valid: true, expires at: 1765553787232
[debug] [2025-12-12T14:40:31.500Z] Checked if tokens are valid: true, expires at: 1765553787232
[debug] [2025-12-12T14:40:31.500Z] Checked if tokens are valid: true, expires at: 1765553787232
[debug] [2025-12-12T14:40:31.500Z] Checked if tokens are valid: true, expires at: 1765553787232
[debug] [2025-12-12T14:40:31.500Z] Checked if tokens are valid: true, expires at: 1765553787232
[debug] [2025-12-12T14:40:31.500Z] Checked if tokens are valid: true, expires at: 1765553787232
[debug] [2025-12-12T14:40:31.500Z] Checked if tokens are valid: true, expires at: 1765553787232
[debug] [2025-12-12T14:40:31.500Z] Checked if tokens are valid: true, expires at: 1765553787232
[debug] [2025-12-12T14:40:31.500Z] Checked if tokens are valid: true, expires at: 1765553787232
[debug] [2025-12-12T14:40:31.500Z] Checked if tokens are valid: true, expires at: 1765553787232
[debug] [2025-12-12T14:40:31.501Z] Checked if tokens are valid: true, expires at: 1765553787232
[debug] [2025-12-12T14:40:31.501Z] Checked if tokens are valid: true, expires at: 1765553787232
[debug] [2025-12-12T14:40:31.501Z] Checked if tokens are valid: true, expires at: 1765553787232
[debug] [2025-12-12T14:40:31.501Z] Checked if tokens are valid: true, expires at: 1765553787232
[debug] [2025-12-12T14:40:31.501Z] Checked if tokens are valid: true, expires at: 1765553787232
[debug] [2025-12-12T14:40:31.501Z] Checked if tokens are valid: true, expires at: 1765553787232
[debug] [2025-12-12T14:40:31.501Z] Checked if tokens are valid: true, expires at: 1765553787232
[debug] [2025-12-12T14:40:31.501Z] Checked if tokens are valid: true, expires at: 1765553787232
[debug] [2025-12-12T14:40:31.501Z] Checked if tokens are valid: true, expires at: 1765553787232
[debug] [2025-12-12T14:40:31.501Z] Checked if tokens are valid: true, expires at: 1765553787232
[debug] [2025-12-12T14:40:31.501Z] Checked if tokens are valid: true, expires at: 1765553787232
[debug] [2025-12-12T14:40:31.501Z] Checked if tokens are valid: true, expires at: 1765553787232
[debug] [2025-12-12T14:40:31.501Z] Checked if tokens are valid: true, expires at: 1765553787232
[debug] [2025-12-12T14:40:31.501Z] Checked if tokens are valid: true, expires at: 1765553787232
[debug] [2025-12-12T14:40:31.501Z] Checked if tokens are valid: true, expires at: 1765553787232
[debug] [2025-12-12T14:40:31.501Z] Checked if tokens are valid: true, expires at: 1765553787232
[debug] [2025-12-12T14:40:31.501Z] Checked if tokens are valid: true, expires at: 1765553787232
[debug] [2025-12-12T14:40:31.501Z] Checked if tokens are valid: true, expires at: 1765553787232
[debug] [2025-12-12T14:40:31.501Z] Checked if tokens are valid: true, expires at: 1765553787232
[debug] [2025-12-12T14:40:31.501Z] Checked if tokens are valid: true, expires at: 1765553787232
[debug] [2025-12-12T14:40:31.501Z] Checked if tokens are valid: true, expires at: 1765553787232
[debug] [2025-12-12T14:40:31.501Z] Checked if tokens are valid: true, expires at: 1765553787232
[debug] [2025-12-12T14:40:31.501Z] Checked if tokens are valid: true, expires at: 1765553787232
[debug] [2025-12-12T14:40:31.501Z] Checked if tokens are valid: true, expires at: 1765553787232
[debug] [2025-12-12T14:40:31.502Z] Checked if tokens are valid: true, expires at: 1765553787232
[debug] [2025-12-12T14:40:31.502Z] Checked if tokens are valid: true, expires at: 1765553787232
[debug] [2025-12-12T14:40:31.502Z] Checked if tokens are valid: true, expires at: 1765553787232
[debug] [2025-12-12T14:40:31.502Z] Checked if tokens are valid: true, expires at: 1765553787232
[debug] [2025-12-12T14:40:31.502Z] Checked if tokens are valid: true, expires at: 1765553787232
[debug] [2025-12-12T14:40:31.502Z] Checked if tokens are valid: true, expires at: 1765553787232
[debug] [2025-12-12T14:40:31.502Z] Checked if tokens are valid: true, expires at: 1765553787232
[debug] [2025-12-12T14:40:31.502Z] Checked if tokens are valid: true, expires at: 1765553787232
[debug] [2025-12-12T14:40:31.502Z] Checked if tokens are valid: true, expires at: 1765553787232
[debug] [2025-12-12T14:40:31.502Z] Checked if tokens are valid: true, expires at: 1765553787232
[debug] [2025-12-12T14:40:31.502Z] Checked if tokens are valid: true, expires at: 1765553787232
[debug] [2025-12-12T14:40:31.502Z] Checked if tokens are valid: true, expires at: 1765553787232
[debug] [2025-12-12T14:40:31.502Z] Checked if tokens are valid: true, expires at: 1765553787232
[debug] [2025-12-12T14:40:31.502Z] Checked if tokens are valid: true, expires at: 1765553787232
[debug] [2025-12-12T14:40:31.502Z] Checked if tokens are valid: true, expires at: 1765553787232
[debug] [2025-12-12T14:40:31.502Z] Checked if tokens are valid: true, expires at: 1765553787232
[debug] [2025-12-12T14:40:31.502Z] Checked if tokens are valid: true, expires at: 1765553787232
[debug] [2025-12-12T14:40:31.502Z] Checked if tokens are valid: true, expires at: 1765553787232
[debug] [2025-12-12T14:40:31.502Z] Checked if tokens are valid: true, expires at: 1765553787232
[debug] [2025-12-12T14:40:31.502Z] Checked if tokens are valid: true, expires at: 1765553787232
[debug] [2025-12-12T14:40:31.502Z] Checked if tokens are valid: true, expires at: 1765553787232
[debug] [2025-12-12T14:40:31.502Z] Checked if tokens are valid: true, expires at: 1765553787232
[debug] [2025-12-12T14:40:31.502Z] Checked if tokens are valid: true, expires at: 1765553787232
[debug] [2025-12-12T14:40:31.502Z] Checked if tokens are valid: true, expires at: 1765553787232
[debug] [2025-12-12T14:40:31.503Z] Checked if tokens are valid: true, expires at: 1765553787232
[debug] [2025-12-12T14:40:31.503Z] Checked if tokens are valid: true, expires at: 1765553787232
[debug] [2025-12-12T14:40:31.503Z] Checked if tokens are valid: true, expires at: 1765553787232
[debug] [2025-12-12T14:40:31.503Z] Checked if tokens are valid: true, expires at: 1765553787232
[debug] [2025-12-12T14:40:31.503Z] Checked if tokens are valid: true, expires at: 1765553787232
[debug] [2025-12-12T14:40:31.503Z] Checked if tokens are valid: true, expires at: 1765553787232
[debug] [2025-12-12T14:40:31.503Z] Checked if tokens are valid: true, expires at: 1765553787232
[debug] [2025-12-12T14:40:31.503Z] Checked if tokens are valid: true, expires at: 1765553787232
[debug] [2025-12-12T14:40:31.503Z] Checked if tokens are valid: true, expires at: 1765553787232
[debug] [2025-12-12T14:40:31.503Z] Checked if tokens are valid: true, expires at: 1765553787232
[debug] [2025-12-12T14:40:31.503Z] Checked if tokens are valid: true, expires at: 1765553787232
[debug] [2025-12-12T14:40:31.503Z] Checked if tokens are valid: true, expires at: 1765553787232
[debug] [2025-12-12T14:40:31.503Z] Checked if tokens are valid: true, expires at: 1765553787232
[debug] [2025-12-12T14:40:31.503Z] Checked if tokens are valid: true, expires at: 1765553787232
[debug] [2025-12-12T14:40:31.503Z] Checked if tokens are valid: true, expires at: 1765553787232
[debug] [2025-12-12T14:40:31.503Z] Checked if tokens are valid: true, expires at: 1765553787232
[debug] [2025-12-12T14:40:31.503Z] >>> [apiv2][query] POST https://upload-firebasehosting.googleapis.com/upload/sites/buysmartly-demo-v2-001/versions/e46f3fc1f1ce63b7/files/51f989a29f5ae3d727e3afce6f091a0dae9a077f7218790abd839a6d326d79a0 [none]
[debug] [2025-12-12T14:40:31.503Z] >>> [apiv2][body] POST https://upload-firebasehosting.googleapis.com/upload/sites/buysmartly-demo-v2-001/versions/e46f3fc1f1ce63b7/files/51f989a29f5ae3d727e3afce6f091a0dae9a077f7218790abd839a6d326d79a0 [stream]
[debug] [2025-12-12T14:40:31.504Z] >>> [apiv2][query] POST https://upload-firebasehosting.googleapis.com/upload/sites/buysmartly-demo-v2-001/versions/e46f3fc1f1ce63b7/files/661c005b1ebf95bb520578d7421bf511e0d91ecac507fc1818ee60c2e3127f64 [none]
[debug] [2025-12-12T14:40:31.504Z] >>> [apiv2][body] POST https://upload-firebasehosting.googleapis.com/upload/sites/buysmartly-demo-v2-001/versions/e46f3fc1f1ce63b7/files/661c005b1ebf95bb520578d7421bf511e0d91ecac507fc1818ee60c2e3127f64 [stream]
[debug] [2025-12-12T14:40:31.506Z] >>> [apiv2][query] POST https://upload-firebasehosting.googleapis.com/upload/sites/buysmartly-demo-v2-001/versions/e46f3fc1f1ce63b7/files/4545774e0eba6264d25197fec3cc1520bfd61d16bf6b417b7b1566460ebc28ec [none]
[debug] [2025-12-12T14:40:31.506Z] >>> [apiv2][body] POST https://upload-firebasehosting.googleapis.com/upload/sites/buysmartly-demo-v2-001/versions/e46f3fc1f1ce63b7/files/4545774e0eba6264d25197fec3cc1520bfd61d16bf6b417b7b1566460ebc28ec [stream]
[debug] [2025-12-12T14:40:31.507Z] >>> [apiv2][query] POST https://upload-firebasehosting.googleapis.com/upload/sites/buysmartly-demo-v2-001/versions/e46f3fc1f1ce63b7/files/a022fa3ca5c3a9dffa3c09dc035866a2c4e6e935a372724aabba8dd6a5639fee [none]
[debug] [2025-12-12T14:40:31.507Z] >>> [apiv2][body] POST https://upload-firebasehosting.googleapis.com/upload/sites/buysmartly-demo-v2-001/versions/e46f3fc1f1ce63b7/files/a022fa3ca5c3a9dffa3c09dc035866a2c4e6e935a372724aabba8dd6a5639fee [stream]
[debug] [2025-12-12T14:40:31.507Z] >>> [apiv2][query] POST https://upload-firebasehosting.googleapis.com/upload/sites/buysmartly-demo-v2-001/versions/e46f3fc1f1ce63b7/files/d9bd0dedf7c547987429946f0e5deac9216a832ef5b08917e0aacdc3fb8d8865 [none]
[debug] [2025-12-12T14:40:31.507Z] >>> [apiv2][body] POST https://upload-firebasehosting.googleapis.com/upload/sites/buysmartly-demo-v2-001/versions/e46f3fc1f1ce63b7/files/d9bd0dedf7c547987429946f0e5deac9216a832ef5b08917e0aacdc3fb8d8865 [stream]
[debug] [2025-12-12T14:40:31.509Z] >>> [apiv2][query] POST https://upload-firebasehosting.googleapis.com/upload/sites/buysmartly-demo-v2-001/versions/e46f3fc1f1ce63b7/files/40b3189ae42a2f11acf288064b2ee02a5e853cc2fe5fee356ecffb6c8bf5818c [none]
[debug] [2025-12-12T14:40:31.509Z] >>> [apiv2][body] POST https://upload-firebasehosting.googleapis.com/upload/sites/buysmartly-demo-v2-001/versions/e46f3fc1f1ce63b7/files/40b3189ae42a2f11acf288064b2ee02a5e853cc2fe5fee356ecffb6c8bf5818c [stream]
[debug] [2025-12-12T14:40:31.509Z] >>> [apiv2][query] POST https://upload-firebasehosting.googleapis.com/upload/sites/buysmartly-demo-v2-001/versions/e46f3fc1f1ce63b7/files/08d54483ffa10c472d4b5bf54e637a763a905f6909af1491ad4ca8a19241496c [none]
[debug] [2025-12-12T14:40:31.509Z] >>> [apiv2][body] POST https://upload-firebasehosting.googleapis.com/upload/sites/buysmartly-demo-v2-001/versions/e46f3fc1f1ce63b7/files/08d54483ffa10c472d4b5bf54e637a763a905f6909af1491ad4ca8a19241496c [stream]
[debug] [2025-12-12T14:40:31.510Z] >>> [apiv2][query] POST https://upload-firebasehosting.googleapis.com/upload/sites/buysmartly-demo-v2-001/versions/e46f3fc1f1ce63b7/files/0366f95bbc72bff589959fd52f94e0a78c15e958f89d7c2c570614abdb4c2f00 [none]
[debug] [2025-12-12T14:40:31.510Z] >>> [apiv2][body] POST https://upload-firebasehosting.googleapis.com/upload/sites/buysmartly-demo-v2-001/versions/e46f3fc1f1ce63b7/files/0366f95bbc72bff589959fd52f94e0a78c15e958f89d7c2c570614abdb4c2f00 [stream]
[debug] [2025-12-12T14:40:31.512Z] >>> [apiv2][query] POST https://upload-firebasehosting.googleapis.com/upload/sites/buysmartly-demo-v2-001/versions/e46f3fc1f1ce63b7/files/cece8fbc5648422a4daa44ea2384a58bffabc54f1398d5bc77648729fc158f0c [none]
[debug] [2025-12-12T14:40:31.512Z] >>> [apiv2][body] POST https://upload-firebasehosting.googleapis.com/upload/sites/buysmartly-demo-v2-001/versions/e46f3fc1f1ce63b7/files/cece8fbc5648422a4daa44ea2384a58bffabc54f1398d5bc77648729fc158f0c [stream]
[debug] [2025-12-12T14:40:31.513Z] >>> [apiv2][query] POST https://upload-firebasehosting.googleapis.com/upload/sites/buysmartly-demo-v2-001/versions/e46f3fc1f1ce63b7/files/2af33d96fcd8aeb28f52a63a8031d4851813ae388208551ad0f335433690b77b [none]
[debug] [2025-12-12T14:40:31.513Z] >>> [apiv2][body] POST https://upload-firebasehosting.googleapis.com/upload/sites/buysmartly-demo-v2-001/versions/e46f3fc1f1ce63b7/files/2af33d96fcd8aeb28f52a63a8031d4851813ae388208551ad0f335433690b77b [stream]
[debug] [2025-12-12T14:40:31.514Z] >>> [apiv2][query] POST https://upload-firebasehosting.googleapis.com/upload/sites/buysmartly-demo-v2-001/versions/e46f3fc1f1ce63b7/files/518430951f2c7182a5fc07191f43236719c64a5244e0ac82131ea92dbe4a2f67 [none]
[debug] [2025-12-12T14:40:31.514Z] >>> [apiv2][body] POST https://upload-firebasehosting.googleapis.com/upload/sites/buysmartly-demo-v2-001/versions/e46f3fc1f1ce63b7/files/518430951f2c7182a5fc07191f43236719c64a5244e0ac82131ea92dbe4a2f67 [stream]
[debug] [2025-12-12T14:40:31.515Z] >>> [apiv2][query] POST https://upload-firebasehosting.googleapis.com/upload/sites/buysmartly-demo-v2-001/versions/e46f3fc1f1ce63b7/files/01d9730acdec77976e6056da6b8ed8f8cc143b09b0333ccf96ce4f62a8386d1e [none]
[debug] [2025-12-12T14:40:31.515Z] >>> [apiv2][body] POST https://upload-firebasehosting.googleapis.com/upload/sites/buysmartly-demo-v2-001/versions/e46f3fc1f1ce63b7/files/01d9730acdec77976e6056da6b8ed8f8cc143b09b0333ccf96ce4f62a8386d1e [stream]
[debug] [2025-12-12T14:40:31.515Z] >>> [apiv2][query] POST https://upload-firebasehosting.googleapis.com/upload/sites/buysmartly-demo-v2-001/versions/e46f3fc1f1ce63b7/files/efd041617b404639750884bd01917d80c6ec9917e3021e448a1386a237184a36 [none]
[debug] [2025-12-12T14:40:31.515Z] >>> [apiv2][body] POST https://upload-firebasehosting.googleapis.com/upload/sites/buysmartly-demo-v2-001/versions/e46f3fc1f1ce63b7/files/efd041617b404639750884bd01917d80c6ec9917e3021e448a1386a237184a36 [stream]
[debug] [2025-12-12T14:40:31.516Z] >>> [apiv2][query] POST https://upload-firebasehosting.googleapis.com/upload/sites/buysmartly-demo-v2-001/versions/e46f3fc1f1ce63b7/files/00ffdd1510ab6aa72447787ad1516c9bea8345a9cf6ac5345afb1f44aba07f6f [none]
[debug] [2025-12-12T14:40:31.516Z] >>> [apiv2][body] POST https://upload-firebasehosting.googleapis.com/upload/sites/buysmartly-demo-v2-001/versions/e46f3fc1f1ce63b7/files/00ffdd1510ab6aa72447787ad1516c9bea8345a9cf6ac5345afb1f44aba07f6f [stream]
[debug] [2025-12-12T14:40:31.517Z] >>> [apiv2][query] POST https://upload-firebasehosting.googleapis.com/upload/sites/buysmartly-demo-v2-001/versions/e46f3fc1f1ce63b7/files/849f2529edf7f5e92ab3c478d786267b035e3d8ffbfca5d2366244cb9e9d94da [none]
[debug] [2025-12-12T14:40:31.517Z] >>> [apiv2][body] POST https://upload-firebasehosting.googleapis.com/upload/sites/buysmartly-demo-v2-001/versions/e46f3fc1f1ce63b7/files/849f2529edf7f5e92ab3c478d786267b035e3d8ffbfca5d2366244cb9e9d94da [stream]
[debug] [2025-12-12T14:40:31.517Z] >>> [apiv2][query] POST https://upload-firebasehosting.googleapis.com/upload/sites/buysmartly-demo-v2-001/versions/e46f3fc1f1ce63b7/files/edc44000386d8f8e7163c030af34400c6d1ad238dffdd79d275483f24d6c556c [none]
[debug] [2025-12-12T14:40:31.517Z] >>> [apiv2][body] POST https://upload-firebasehosting.googleapis.com/upload/sites/buysmartly-demo-v2-001/versions/e46f3fc1f1ce63b7/files/edc44000386d8f8e7163c030af34400c6d1ad238dffdd79d275483f24d6c556c [stream]
[debug] [2025-12-12T14:40:31.518Z] >>> [apiv2][query] POST https://upload-firebasehosting.googleapis.com/upload/sites/buysmartly-demo-v2-001/versions/e46f3fc1f1ce63b7/files/2bedbdcb0f52a41a9cef5e84c2366e39fa828b2084158dbd143b3a3f631b7647 [none]
[debug] [2025-12-12T14:40:31.518Z] >>> [apiv2][body] POST https://upload-firebasehosting.googleapis.com/upload/sites/buysmartly-demo-v2-001/versions/e46f3fc1f1ce63b7/files/2bedbdcb0f52a41a9cef5e84c2366e39fa828b2084158dbd143b3a3f631b7647 [stream]
[debug] [2025-12-12T14:40:31.518Z] >>> [apiv2][query] POST https://upload-firebasehosting.googleapis.com/upload/sites/buysmartly-demo-v2-001/versions/e46f3fc1f1ce63b7/files/4c12afd92c797d205ded918d4da7fff21f264e3347ccfe1f718df372100dea0e [none]
[debug] [2025-12-12T14:40:31.518Z] >>> [apiv2][body] POST https://upload-firebasehosting.googleapis.com/upload/sites/buysmartly-demo-v2-001/versions/e46f3fc1f1ce63b7/files/4c12afd92c797d205ded918d4da7fff21f264e3347ccfe1f718df372100dea0e [stream]
[debug] [2025-12-12T14:40:31.519Z] >>> [apiv2][query] POST https://upload-firebasehosting.googleapis.com/upload/sites/buysmartly-demo-v2-001/versions/e46f3fc1f1ce63b7/files/6fed11e2b980d082feb2ae75f0a56afaa2facaf5f638347a21bb4478685f8609 [none]
[debug] [2025-12-12T14:40:31.519Z] >>> [apiv2][body] POST https://upload-firebasehosting.googleapis.com/upload/sites/buysmartly-demo-v2-001/versions/e46f3fc1f1ce63b7/files/6fed11e2b980d082feb2ae75f0a56afaa2facaf5f638347a21bb4478685f8609 [stream]
[debug] [2025-12-12T14:40:31.519Z] >>> [apiv2][query] POST https://upload-firebasehosting.googleapis.com/upload/sites/buysmartly-demo-v2-001/versions/e46f3fc1f1ce63b7/files/b686f0c3faae36d5e3110bd8933f861039094c0a996e5c55c3a776a209ca119b [none]
[debug] [2025-12-12T14:40:31.519Z] >>> [apiv2][body] POST https://upload-firebasehosting.googleapis.com/upload/sites/buysmartly-demo-v2-001/versions/e46f3fc1f1ce63b7/files/b686f0c3faae36d5e3110bd8933f861039094c0a996e5c55c3a776a209ca119b [stream]
[debug] [2025-12-12T14:40:31.520Z] >>> [apiv2][query] POST https://upload-firebasehosting.googleapis.com/upload/sites/buysmartly-demo-v2-001/versions/e46f3fc1f1ce63b7/files/c83f6982b1aa72081244eb9a8f1e6d7698a36609876abf12869d9a0aca363938 [none]
[debug] [2025-12-12T14:40:31.520Z] >>> [apiv2][body] POST https://upload-firebasehosting.googleapis.com/upload/sites/buysmartly-demo-v2-001/versions/e46f3fc1f1ce63b7/files/c83f6982b1aa72081244eb9a8f1e6d7698a36609876abf12869d9a0aca363938 [stream]
[debug] [2025-12-12T14:40:31.520Z] >>> [apiv2][query] POST https://upload-firebasehosting.googleapis.com/upload/sites/buysmartly-demo-v2-001/versions/e46f3fc1f1ce63b7/files/7e78e46c4edb2277615cfaba91e6a32b8541751b616718e31d91fce39dbbeaec [none]
[debug] [2025-12-12T14:40:31.520Z] >>> [apiv2][body] POST https://upload-firebasehosting.googleapis.com/upload/sites/buysmartly-demo-v2-001/versions/e46f3fc1f1ce63b7/files/7e78e46c4edb2277615cfaba91e6a32b8541751b616718e31d91fce39dbbeaec [stream]
[debug] [2025-12-12T14:40:31.521Z] >>> [apiv2][query] POST https://upload-firebasehosting.googleapis.com/upload/sites/buysmartly-demo-v2-001/versions/e46f3fc1f1ce63b7/files/0dc110f82f15687bb7daae0e09828a248ba74bacc4373b6c5e395fa1140853ef [none]
[debug] [2025-12-12T14:40:31.521Z] >>> [apiv2][body] POST https://upload-firebasehosting.googleapis.com/upload/sites/buysmartly-demo-v2-001/versions/e46f3fc1f1ce63b7/files/0dc110f82f15687bb7daae0e09828a248ba74bacc4373b6c5e395fa1140853ef [stream]
[debug] [2025-12-12T14:40:31.521Z] >>> [apiv2][query] POST https://upload-firebasehosting.googleapis.com/upload/sites/buysmartly-demo-v2-001/versions/e46f3fc1f1ce63b7/files/e1f4fa1714564618f903a2a44917046dccf172789468b183847e64fcd3d9c150 [none]
[debug] [2025-12-12T14:40:31.521Z] >>> [apiv2][body] POST https://upload-firebasehosting.googleapis.com/upload/sites/buysmartly-demo-v2-001/versions/e46f3fc1f1ce63b7/files/e1f4fa1714564618f903a2a44917046dccf172789468b183847e64fcd3d9c150 [stream]
[debug] [2025-12-12T14:40:31.522Z] >>> [apiv2][query] POST https://upload-firebasehosting.googleapis.com/upload/sites/buysmartly-demo-v2-001/versions/e46f3fc1f1ce63b7/files/994a83b0bd13a31e35114caf18e8b7fcff4253406797d657aa1d9ea64c7b721d [none]
[debug] [2025-12-12T14:40:31.522Z] >>> [apiv2][body] POST https://upload-firebasehosting.googleapis.com/upload/sites/buysmartly-demo-v2-001/versions/e46f3fc1f1ce63b7/files/994a83b0bd13a31e35114caf18e8b7fcff4253406797d657aa1d9ea64c7b721d [stream]
[debug] [2025-12-12T14:40:31.522Z] >>> [apiv2][query] POST https://upload-firebasehosting.googleapis.com/upload/sites/buysmartly-demo-v2-001/versions/e46f3fc1f1ce63b7/files/aa67fc3c767a1fde399788c96e8a7ec39680a522a61fcf0ea0671e3b2afe8d45 [none]
[debug] [2025-12-12T14:40:31.522Z] >>> [apiv2][body] POST https://upload-firebasehosting.googleapis.com/upload/sites/buysmartly-demo-v2-001/versions/e46f3fc1f1ce63b7/files/aa67fc3c767a1fde399788c96e8a7ec39680a522a61fcf0ea0671e3b2afe8d45 [stream]
[debug] [2025-12-12T14:40:31.523Z] >>> [apiv2][query] POST https://upload-firebasehosting.googleapis.com/upload/sites/buysmartly-demo-v2-001/versions/e46f3fc1f1ce63b7/files/29f06a7ce952630e6adafab9e4f5f8b7931e35279298327fe51a7e08e7a434bc [none]
[debug] [2025-12-12T14:40:31.523Z] >>> [apiv2][body] POST https://upload-firebasehosting.googleapis.com/upload/sites/buysmartly-demo-v2-001/versions/e46f3fc1f1ce63b7/files/29f06a7ce952630e6adafab9e4f5f8b7931e35279298327fe51a7e08e7a434bc [stream]
[debug] [2025-12-12T14:40:31.523Z] >>> [apiv2][query] POST https://upload-firebasehosting.googleapis.com/upload/sites/buysmartly-demo-v2-001/versions/e46f3fc1f1ce63b7/files/c7efd67fa8de750df765a1cf18a7bdf6c2298ab4a4ab1eed2772a32e4fd9725d [none]
[debug] [2025-12-12T14:40:31.523Z] >>> [apiv2][body] POST https://upload-firebasehosting.googleapis.com/upload/sites/buysmartly-demo-v2-001/versions/e46f3fc1f1ce63b7/files/c7efd67fa8de750df765a1cf18a7bdf6c2298ab4a4ab1eed2772a32e4fd9725d [stream]
[debug] [2025-12-12T14:40:31.524Z] >>> [apiv2][query] POST https://upload-firebasehosting.googleapis.com/upload/sites/buysmartly-demo-v2-001/versions/e46f3fc1f1ce63b7/files/fb40e6ca61c5c6b57d8301d66bd83b877e37c790432e7d768247b4a368fe8a72 [none]
[debug] [2025-12-12T14:40:31.524Z] >>> [apiv2][body] POST https://upload-firebasehosting.googleapis.com/upload/sites/buysmartly-demo-v2-001/versions/e46f3fc1f1ce63b7/files/fb40e6ca61c5c6b57d8301d66bd83b877e37c790432e7d768247b4a368fe8a72 [stream]
[debug] [2025-12-12T14:40:31.524Z] >>> [apiv2][query] POST https://upload-firebasehosting.googleapis.com/upload/sites/buysmartly-demo-v2-001/versions/e46f3fc1f1ce63b7/files/78805c236c5cc45d366b8d588fd352d15aec6425d13d4fb60aadda17aaa1ac5b [none]
[debug] [2025-12-12T14:40:31.524Z] >>> [apiv2][body] POST https://upload-firebasehosting.googleapis.com/upload/sites/buysmartly-demo-v2-001/versions/e46f3fc1f1ce63b7/files/78805c236c5cc45d366b8d588fd352d15aec6425d13d4fb60aadda17aaa1ac5b [stream]
[debug] [2025-12-12T14:40:31.531Z] >>> [apiv2][query] POST https://upload-firebasehosting.googleapis.com/upload/sites/buysmartly-demo-v2-001/versions/e46f3fc1f1ce63b7/files/5179ae7bdd72e97e2d9cdbfcec1e72434f42f7f5748665239355f08badcbbee7 [none]
[debug] [2025-12-12T14:40:31.531Z] >>> [apiv2][body] POST https://upload-firebasehosting.googleapis.com/upload/sites/buysmartly-demo-v2-001/versions/e46f3fc1f1ce63b7/files/5179ae7bdd72e97e2d9cdbfcec1e72434f42f7f5748665239355f08badcbbee7 [stream]
[debug] [2025-12-12T14:40:31.532Z] >>> [apiv2][query] POST https://upload-firebasehosting.googleapis.com/upload/sites/buysmartly-demo-v2-001/versions/e46f3fc1f1ce63b7/files/da6a54889ddf1fb15aede16d14ffb735fd21072760981f95412b3e4b3b479862 [none]
[debug] [2025-12-12T14:40:31.532Z] >>> [apiv2][body] POST https://upload-firebasehosting.googleapis.com/upload/sites/buysmartly-demo-v2-001/versions/e46f3fc1f1ce63b7/files/da6a54889ddf1fb15aede16d14ffb735fd21072760981f95412b3e4b3b479862 [stream]
[debug] [2025-12-12T14:40:31.532Z] >>> [apiv2][query] POST https://upload-firebasehosting.googleapis.com/upload/sites/buysmartly-demo-v2-001/versions/e46f3fc1f1ce63b7/files/5b2632b4ea5416f78452239f166de4075f80d035bd443b47189c5e3f3b7d7038 [none]
[debug] [2025-12-12T14:40:31.532Z] >>> [apiv2][body] POST https://upload-firebasehosting.googleapis.com/upload/sites/buysmartly-demo-v2-001/versions/e46f3fc1f1ce63b7/files/5b2632b4ea5416f78452239f166de4075f80d035bd443b47189c5e3f3b7d7038 [stream]
[debug] [2025-12-12T14:40:31.533Z] >>> [apiv2][query] POST https://upload-firebasehosting.googleapis.com/upload/sites/buysmartly-demo-v2-001/versions/e46f3fc1f1ce63b7/files/82406efccfbaa0195ef86e8c8aa8fc71d38fb93a6aa0fbd00d90629d3bbe2342 [none]
[debug] [2025-12-12T14:40:31.533Z] >>> [apiv2][body] POST https://upload-firebasehosting.googleapis.com/upload/sites/buysmartly-demo-v2-001/versions/e46f3fc1f1ce63b7/files/82406efccfbaa0195ef86e8c8aa8fc71d38fb93a6aa0fbd00d90629d3bbe2342 [stream]
[debug] [2025-12-12T14:40:31.533Z] >>> [apiv2][query] POST https://upload-firebasehosting.googleapis.com/upload/sites/buysmartly-demo-v2-001/versions/e46f3fc1f1ce63b7/files/a7a4d2956ff9b23a0c08291cd244aa8f96c1f10b8b0f6c6a180c1993523104c5 [none]
[debug] [2025-12-12T14:40:31.533Z] >>> [apiv2][body] POST https://upload-firebasehosting.googleapis.com/upload/sites/buysmartly-demo-v2-001/versions/e46f3fc1f1ce63b7/files/a7a4d2956ff9b23a0c08291cd244aa8f96c1f10b8b0f6c6a180c1993523104c5 [stream]
[debug] [2025-12-12T14:40:31.534Z] >>> [apiv2][query] POST https://upload-firebasehosting.googleapis.com/upload/sites/buysmartly-demo-v2-001/versions/e46f3fc1f1ce63b7/files/4c3670ed028b5b4d9099a21dad979f053149f1273839a1c9802789791e5746cd [none]
[debug] [2025-12-12T14:40:31.534Z] >>> [apiv2][body] POST https://upload-firebasehosting.googleapis.com/upload/sites/buysmartly-demo-v2-001/versions/e46f3fc1f1ce63b7/files/4c3670ed028b5b4d9099a21dad979f053149f1273839a1c9802789791e5746cd [stream]
[debug] [2025-12-12T14:40:31.535Z] >>> [apiv2][query] POST https://upload-firebasehosting.googleapis.com/upload/sites/buysmartly-demo-v2-001/versions/e46f3fc1f1ce63b7/files/da47e5ee9571edfcb45598d9e1ed424dc30a87011c99c5d205015bbc8cfe16cc [none]
[debug] [2025-12-12T14:40:31.535Z] >>> [apiv2][body] POST https://upload-firebasehosting.googleapis.com/upload/sites/buysmartly-demo-v2-001/versions/e46f3fc1f1ce63b7/files/da47e5ee9571edfcb45598d9e1ed424dc30a87011c99c5d205015bbc8cfe16cc [stream]
[debug] [2025-12-12T14:40:31.536Z] >>> [apiv2][query] POST https://upload-firebasehosting.googleapis.com/upload/sites/buysmartly-demo-v2-001/versions/e46f3fc1f1ce63b7/files/6e8dd92068042842fcd4e938010d67215b1af3d6c780f97f9c87b918532a3ef7 [none]
[debug] [2025-12-12T14:40:31.536Z] >>> [apiv2][body] POST https://upload-firebasehosting.googleapis.com/upload/sites/buysmartly-demo-v2-001/versions/e46f3fc1f1ce63b7/files/6e8dd92068042842fcd4e938010d67215b1af3d6c780f97f9c87b918532a3ef7 [stream]
[debug] [2025-12-12T14:40:31.536Z] >>> [apiv2][query] POST https://upload-firebasehosting.googleapis.com/upload/sites/buysmartly-demo-v2-001/versions/e46f3fc1f1ce63b7/files/e989aeea500fde675ea8ee009c4cf25aae7abbf4dd02c15b04cb8c85404dbca3 [none]
[debug] [2025-12-12T14:40:31.536Z] >>> [apiv2][body] POST https://upload-firebasehosting.googleapis.com/upload/sites/buysmartly-demo-v2-001/versions/e46f3fc1f1ce63b7/files/e989aeea500fde675ea8ee009c4cf25aae7abbf4dd02c15b04cb8c85404dbca3 [stream]
[debug] [2025-12-12T14:40:31.537Z] >>> [apiv2][query] POST https://upload-firebasehosting.googleapis.com/upload/sites/buysmartly-demo-v2-001/versions/e46f3fc1f1ce63b7/files/df5b4cd0645928b867147492e4b77d3ec51d1c02acf766c74c572cb38f2d3cc5 [none]
[debug] [2025-12-12T14:40:31.537Z] >>> [apiv2][body] POST https://upload-firebasehosting.googleapis.com/upload/sites/buysmartly-demo-v2-001/versions/e46f3fc1f1ce63b7/files/df5b4cd0645928b867147492e4b77d3ec51d1c02acf766c74c572cb38f2d3cc5 [stream]
[debug] [2025-12-12T14:40:31.537Z] >>> [apiv2][query] POST https://upload-firebasehosting.googleapis.com/upload/sites/buysmartly-demo-v2-001/versions/e46f3fc1f1ce63b7/files/fd6de17d887b8454416438f02e02d5926604f7a8eaf0b3e41db985b8681ddea1 [none]
[debug] [2025-12-12T14:40:31.537Z] >>> [apiv2][body] POST https://upload-firebasehosting.googleapis.com/upload/sites/buysmartly-demo-v2-001/versions/e46f3fc1f1ce63b7/files/fd6de17d887b8454416438f02e02d5926604f7a8eaf0b3e41db985b8681ddea1 [stream]
[debug] [2025-12-12T14:40:31.538Z] >>> [apiv2][query] POST https://upload-firebasehosting.googleapis.com/upload/sites/buysmartly-demo-v2-001/versions/e46f3fc1f1ce63b7/files/613ce6901a92453562070c177848d059e7e2090dc0fb07b1574a529f1e02ece7 [none]
[debug] [2025-12-12T14:40:31.538Z] >>> [apiv2][body] POST https://upload-firebasehosting.googleapis.com/upload/sites/buysmartly-demo-v2-001/versions/e46f3fc1f1ce63b7/files/613ce6901a92453562070c177848d059e7e2090dc0fb07b1574a529f1e02ece7 [stream]
[debug] [2025-12-12T14:40:31.538Z] >>> [apiv2][query] POST https://upload-firebasehosting.googleapis.com/upload/sites/buysmartly-demo-v2-001/versions/e46f3fc1f1ce63b7/files/291253760f97910822c95c505f991350c1d3adaa16754edcbe12ebdb2db7f986 [none]
[debug] [2025-12-12T14:40:31.538Z] >>> [apiv2][body] POST https://upload-firebasehosting.googleapis.com/upload/sites/buysmartly-demo-v2-001/versions/e46f3fc1f1ce63b7/files/291253760f97910822c95c505f991350c1d3adaa16754edcbe12ebdb2db7f986 [stream]
[debug] [2025-12-12T14:40:31.539Z] >>> [apiv2][query] POST https://upload-firebasehosting.googleapis.com/upload/sites/buysmartly-demo-v2-001/versions/e46f3fc1f1ce63b7/files/9191d8db3ee48badb49aa2f44d2e030b6afa030f7805cfb8ec43931772fce6b2 [none]
[debug] [2025-12-12T14:40:31.539Z] >>> [apiv2][body] POST https://upload-firebasehosting.googleapis.com/upload/sites/buysmartly-demo-v2-001/versions/e46f3fc1f1ce63b7/files/9191d8db3ee48badb49aa2f44d2e030b6afa030f7805cfb8ec43931772fce6b2 [stream]
[debug] [2025-12-12T14:40:31.539Z] >>> [apiv2][query] POST https://upload-firebasehosting.googleapis.com/upload/sites/buysmartly-demo-v2-001/versions/e46f3fc1f1ce63b7/files/5cd1d652646519709e2763369b7dbecac9efdb394d9f4f4e3129624c509247af [none]
[debug] [2025-12-12T14:40:31.540Z] >>> [apiv2][body] POST https://upload-firebasehosting.googleapis.com/upload/sites/buysmartly-demo-v2-001/versions/e46f3fc1f1ce63b7/files/5cd1d652646519709e2763369b7dbecac9efdb394d9f4f4e3129624c509247af [stream]
[debug] [2025-12-12T14:40:31.540Z] [hosting][populate queue][FINAL] {"max":408,"min":408,"avg":408,"active":0,"complete":1,"success":1,"errored":0,"retried":0,"total":1,"elapsed":445}
[debug] [2025-12-12T14:40:31.540Z] [hosting] uploads queued: 45
[debug] [2025-12-12T14:40:34.512Z] <<< [apiv2][status] POST https://upload-firebasehosting.googleapis.com/upload/sites/buysmartly-demo-v2-001/versions/e46f3fc1f1ce63b7/files/4c12afd92c797d205ded918d4da7fff21f264e3347ccfe1f718df372100dea0e 200
[debug] [2025-12-12T14:40:34.512Z] <<< [apiv2][body] POST https://upload-firebasehosting.googleapis.com/upload/sites/buysmartly-demo-v2-001/versions/e46f3fc1f1ce63b7/files/4c12afd92c797d205ded918d4da7fff21f264e3347ccfe1f718df372100dea0e [stream]
[debug] [2025-12-12T14:40:34.570Z] <<< [apiv2][status] POST https://upload-firebasehosting.googleapis.com/upload/sites/buysmartly-demo-v2-001/versions/e46f3fc1f1ce63b7/files/0dc110f82f15687bb7daae0e09828a248ba74bacc4373b6c5e395fa1140853ef 200
[debug] [2025-12-12T14:40:34.570Z] <<< [apiv2][body] POST https://upload-firebasehosting.googleapis.com/upload/sites/buysmartly-demo-v2-001/versions/e46f3fc1f1ce63b7/files/0dc110f82f15687bb7daae0e09828a248ba74bacc4373b6c5e395fa1140853ef [stream]
[debug] [2025-12-12T14:40:34.588Z] <<< [apiv2][status] POST https://upload-firebasehosting.googleapis.com/upload/sites/buysmartly-demo-v2-001/versions/e46f3fc1f1ce63b7/files/518430951f2c7182a5fc07191f43236719c64a5244e0ac82131ea92dbe4a2f67 200
[debug] [2025-12-12T14:40:34.588Z] <<< [apiv2][body] POST https://upload-firebasehosting.googleapis.com/upload/sites/buysmartly-demo-v2-001/versions/e46f3fc1f1ce63b7/files/518430951f2c7182a5fc07191f43236719c64a5244e0ac82131ea92dbe4a2f67 [stream]
[debug] [2025-12-12T14:40:34.589Z] <<< [apiv2][status] POST https://upload-firebasehosting.googleapis.com/upload/sites/buysmartly-demo-v2-001/versions/e46f3fc1f1ce63b7/files/78805c236c5cc45d366b8d588fd352d15aec6425d13d4fb60aadda17aaa1ac5b 200
[debug] [2025-12-12T14:40:34.589Z] <<< [apiv2][body] POST https://upload-firebasehosting.googleapis.com/upload/sites/buysmartly-demo-v2-001/versions/e46f3fc1f1ce63b7/files/78805c236c5cc45d366b8d588fd352d15aec6425d13d4fb60aadda17aaa1ac5b [stream]
[debug] [2025-12-12T14:40:34.600Z] <<< [apiv2][status] POST https://upload-firebasehosting.googleapis.com/upload/sites/buysmartly-demo-v2-001/versions/e46f3fc1f1ce63b7/files/9191d8db3ee48badb49aa2f44d2e030b6afa030f7805cfb8ec43931772fce6b2 200
[debug] [2025-12-12T14:40:34.601Z] <<< [apiv2][body] POST https://upload-firebasehosting.googleapis.com/upload/sites/buysmartly-demo-v2-001/versions/e46f3fc1f1ce63b7/files/9191d8db3ee48badb49aa2f44d2e030b6afa030f7805cfb8ec43931772fce6b2 [stream]
[debug] [2025-12-12T14:40:34.602Z] <<< [apiv2][status] POST https://upload-firebasehosting.googleapis.com/upload/sites/buysmartly-demo-v2-001/versions/e46f3fc1f1ce63b7/files/08d54483ffa10c472d4b5bf54e637a763a905f6909af1491ad4ca8a19241496c 200
[debug] [2025-12-12T14:40:34.602Z] <<< [apiv2][body] POST https://upload-firebasehosting.googleapis.com/upload/sites/buysmartly-demo-v2-001/versions/e46f3fc1f1ce63b7/files/08d54483ffa10c472d4b5bf54e637a763a905f6909af1491ad4ca8a19241496c [stream]
[debug] [2025-12-12T14:40:34.640Z] <<< [apiv2][status] POST https://upload-firebasehosting.googleapis.com/upload/sites/buysmartly-demo-v2-001/versions/e46f3fc1f1ce63b7/files/00ffdd1510ab6aa72447787ad1516c9bea8345a9cf6ac5345afb1f44aba07f6f 200
[debug] [2025-12-12T14:40:34.640Z] <<< [apiv2][body] POST https://upload-firebasehosting.googleapis.com/upload/sites/buysmartly-demo-v2-001/versions/e46f3fc1f1ce63b7/files/00ffdd1510ab6aa72447787ad1516c9bea8345a9cf6ac5345afb1f44aba07f6f [stream]
[debug] [2025-12-12T14:40:34.652Z] <<< [apiv2][status] POST https://upload-firebasehosting.googleapis.com/upload/sites/buysmartly-demo-v2-001/versions/e46f3fc1f1ce63b7/files/5179ae7bdd72e97e2d9cdbfcec1e72434f42f7f5748665239355f08badcbbee7 200
[debug] [2025-12-12T14:40:34.652Z] <<< [apiv2][body] POST https://upload-firebasehosting.googleapis.com/upload/sites/buysmartly-demo-v2-001/versions/e46f3fc1f1ce63b7/files/5179ae7bdd72e97e2d9cdbfcec1e72434f42f7f5748665239355f08badcbbee7 [stream]
[debug] [2025-12-12T14:40:34.657Z] <<< [apiv2][status] POST https://upload-firebasehosting.googleapis.com/upload/sites/buysmartly-demo-v2-001/versions/e46f3fc1f1ce63b7/files/efd041617b404639750884bd01917d80c6ec9917e3021e448a1386a237184a36 200
[debug] [2025-12-12T14:40:34.657Z] <<< [apiv2][body] POST https://upload-firebasehosting.googleapis.com/upload/sites/buysmartly-demo-v2-001/versions/e46f3fc1f1ce63b7/files/efd041617b404639750884bd01917d80c6ec9917e3021e448a1386a237184a36 [stream]
[debug] [2025-12-12T14:40:34.658Z] <<< [apiv2][status] POST https://upload-firebasehosting.googleapis.com/upload/sites/buysmartly-demo-v2-001/versions/e46f3fc1f1ce63b7/files/40b3189ae42a2f11acf288064b2ee02a5e853cc2fe5fee356ecffb6c8bf5818c 200
[debug] [2025-12-12T14:40:34.659Z] <<< [apiv2][body] POST https://upload-firebasehosting.googleapis.com/upload/sites/buysmartly-demo-v2-001/versions/e46f3fc1f1ce63b7/files/40b3189ae42a2f11acf288064b2ee02a5e853cc2fe5fee356ecffb6c8bf5818c [stream]
[debug] [2025-12-12T14:40:34.660Z] <<< [apiv2][status] POST https://upload-firebasehosting.googleapis.com/upload/sites/buysmartly-demo-v2-001/versions/e46f3fc1f1ce63b7/files/c7efd67fa8de750df765a1cf18a7bdf6c2298ab4a4ab1eed2772a32e4fd9725d 200
[debug] [2025-12-12T14:40:34.660Z] <<< [apiv2][body] POST https://upload-firebasehosting.googleapis.com/upload/sites/buysmartly-demo-v2-001/versions/e46f3fc1f1ce63b7/files/c7efd67fa8de750df765a1cf18a7bdf6c2298ab4a4ab1eed2772a32e4fd9725d [stream]
[debug] [2025-12-12T14:40:34.732Z] <<< [apiv2][status] POST https://upload-firebasehosting.googleapis.com/upload/sites/buysmartly-demo-v2-001/versions/e46f3fc1f1ce63b7/files/c83f6982b1aa72081244eb9a8f1e6d7698a36609876abf12869d9a0aca363938 200
[debug] [2025-12-12T14:40:34.733Z] <<< [apiv2][body] POST https://upload-firebasehosting.googleapis.com/upload/sites/buysmartly-demo-v2-001/versions/e46f3fc1f1ce63b7/files/c83f6982b1aa72081244eb9a8f1e6d7698a36609876abf12869d9a0aca363938 [stream]
[debug] [2025-12-12T14:40:34.753Z] <<< [apiv2][status] POST https://upload-firebasehosting.googleapis.com/upload/sites/buysmartly-demo-v2-001/versions/e46f3fc1f1ce63b7/files/e989aeea500fde675ea8ee009c4cf25aae7abbf4dd02c15b04cb8c85404dbca3 200
[debug] [2025-12-12T14:40:34.754Z] <<< [apiv2][body] POST https://upload-firebasehosting.googleapis.com/upload/sites/buysmartly-demo-v2-001/versions/e46f3fc1f1ce63b7/files/e989aeea500fde675ea8ee009c4cf25aae7abbf4dd02c15b04cb8c85404dbca3 [stream]
[debug] [2025-12-12T14:40:34.758Z] <<< [apiv2][status] POST https://upload-firebasehosting.googleapis.com/upload/sites/buysmartly-demo-v2-001/versions/e46f3fc1f1ce63b7/files/da6a54889ddf1fb15aede16d14ffb735fd21072760981f95412b3e4b3b479862 200
[debug] [2025-12-12T14:40:34.758Z] <<< [apiv2][body] POST https://upload-firebasehosting.googleapis.com/upload/sites/buysmartly-demo-v2-001/versions/e46f3fc1f1ce63b7/files/da6a54889ddf1fb15aede16d14ffb735fd21072760981f95412b3e4b3b479862 [stream]
[debug] [2025-12-12T14:40:34.795Z] <<< [apiv2][status] POST https://upload-firebasehosting.googleapis.com/upload/sites/buysmartly-demo-v2-001/versions/e46f3fc1f1ce63b7/files/a022fa3ca5c3a9dffa3c09dc035866a2c4e6e935a372724aabba8dd6a5639fee 200
[debug] [2025-12-12T14:40:34.795Z] <<< [apiv2][body] POST https://upload-firebasehosting.googleapis.com/upload/sites/buysmartly-demo-v2-001/versions/e46f3fc1f1ce63b7/files/a022fa3ca5c3a9dffa3c09dc035866a2c4e6e935a372724aabba8dd6a5639fee [stream]
[debug] [2025-12-12T14:40:34.796Z] <<< [apiv2][status] POST https://upload-firebasehosting.googleapis.com/upload/sites/buysmartly-demo-v2-001/versions/e46f3fc1f1ce63b7/files/a7a4d2956ff9b23a0c08291cd244aa8f96c1f10b8b0f6c6a180c1993523104c5 200
[debug] [2025-12-12T14:40:34.796Z] <<< [apiv2][body] POST https://upload-firebasehosting.googleapis.com/upload/sites/buysmartly-demo-v2-001/versions/e46f3fc1f1ce63b7/files/a7a4d2956ff9b23a0c08291cd244aa8f96c1f10b8b0f6c6a180c1993523104c5 [stream]
[debug] [2025-12-12T14:40:34.842Z] <<< [apiv2][status] POST https://upload-firebasehosting.googleapis.com/upload/sites/buysmartly-demo-v2-001/versions/e46f3fc1f1ce63b7/files/da47e5ee9571edfcb45598d9e1ed424dc30a87011c99c5d205015bbc8cfe16cc 200
[debug] [2025-12-12T14:40:34.842Z] <<< [apiv2][body] POST https://upload-firebasehosting.googleapis.com/upload/sites/buysmartly-demo-v2-001/versions/e46f3fc1f1ce63b7/files/da47e5ee9571edfcb45598d9e1ed424dc30a87011c99c5d205015bbc8cfe16cc [stream]
[debug] [2025-12-12T14:40:34.847Z] <<< [apiv2][status] POST https://upload-firebasehosting.googleapis.com/upload/sites/buysmartly-demo-v2-001/versions/e46f3fc1f1ce63b7/files/b686f0c3faae36d5e3110bd8933f861039094c0a996e5c55c3a776a209ca119b 200
[debug] [2025-12-12T14:40:34.848Z] <<< [apiv2][body] POST https://upload-firebasehosting.googleapis.com/upload/sites/buysmartly-demo-v2-001/versions/e46f3fc1f1ce63b7/files/b686f0c3faae36d5e3110bd8933f861039094c0a996e5c55c3a776a209ca119b [stream]
[debug] [2025-12-12T14:40:34.852Z] <<< [apiv2][status] POST https://upload-firebasehosting.googleapis.com/upload/sites/buysmartly-demo-v2-001/versions/e46f3fc1f1ce63b7/files/4545774e0eba6264d25197fec3cc1520bfd61d16bf6b417b7b1566460ebc28ec 200
[debug] [2025-12-12T14:40:34.853Z] <<< [apiv2][body] POST https://upload-firebasehosting.googleapis.com/upload/sites/buysmartly-demo-v2-001/versions/e46f3fc1f1ce63b7/files/4545774e0eba6264d25197fec3cc1520bfd61d16bf6b417b7b1566460ebc28ec [stream]
[debug] [2025-12-12T14:40:34.865Z] <<< [apiv2][status] POST https://upload-firebasehosting.googleapis.com/upload/sites/buysmartly-demo-v2-001/versions/e46f3fc1f1ce63b7/files/0366f95bbc72bff589959fd52f94e0a78c15e958f89d7c2c570614abdb4c2f00 200
[debug] [2025-12-12T14:40:34.866Z] <<< [apiv2][body] POST https://upload-firebasehosting.googleapis.com/upload/sites/buysmartly-demo-v2-001/versions/e46f3fc1f1ce63b7/files/0366f95bbc72bff589959fd52f94e0a78c15e958f89d7c2c570614abdb4c2f00 [stream]
[debug] [2025-12-12T14:40:34.877Z] <<< [apiv2][status] POST https://upload-firebasehosting.googleapis.com/upload/sites/buysmartly-demo-v2-001/versions/e46f3fc1f1ce63b7/files/51f989a29f5ae3d727e3afce6f091a0dae9a077f7218790abd839a6d326d79a0 200
[debug] [2025-12-12T14:40:34.877Z] <<< [apiv2][body] POST https://upload-firebasehosting.googleapis.com/upload/sites/buysmartly-demo-v2-001/versions/e46f3fc1f1ce63b7/files/51f989a29f5ae3d727e3afce6f091a0dae9a077f7218790abd839a6d326d79a0 [stream]
[debug] [2025-12-12T14:40:34.904Z] <<< [apiv2][status] POST https://upload-firebasehosting.googleapis.com/upload/sites/buysmartly-demo-v2-001/versions/e46f3fc1f1ce63b7/files/994a83b0bd13a31e35114caf18e8b7fcff4253406797d657aa1d9ea64c7b721d 200
[debug] [2025-12-12T14:40:34.904Z] <<< [apiv2][body] POST https://upload-firebasehosting.googleapis.com/upload/sites/buysmartly-demo-v2-001/versions/e46f3fc1f1ce63b7/files/994a83b0bd13a31e35114caf18e8b7fcff4253406797d657aa1d9ea64c7b721d [stream]
[debug] [2025-12-12T14:40:34.906Z] <<< [apiv2][status] POST https://upload-firebasehosting.googleapis.com/upload/sites/buysmartly-demo-v2-001/versions/e46f3fc1f1ce63b7/files/5cd1d652646519709e2763369b7dbecac9efdb394d9f4f4e3129624c509247af 200
[debug] [2025-12-12T14:40:34.906Z] <<< [apiv2][body] POST https://upload-firebasehosting.googleapis.com/upload/sites/buysmartly-demo-v2-001/versions/e46f3fc1f1ce63b7/files/5cd1d652646519709e2763369b7dbecac9efdb394d9f4f4e3129624c509247af [stream]
[debug] [2025-12-12T14:40:34.908Z] <<< [apiv2][status] POST https://upload-firebasehosting.googleapis.com/upload/sites/buysmartly-demo-v2-001/versions/e46f3fc1f1ce63b7/files/e1f4fa1714564618f903a2a44917046dccf172789468b183847e64fcd3d9c150 200
[debug] [2025-12-12T14:40:34.908Z] <<< [apiv2][body] POST https://upload-firebasehosting.googleapis.com/upload/sites/buysmartly-demo-v2-001/versions/e46f3fc1f1ce63b7/files/e1f4fa1714564618f903a2a44917046dccf172789468b183847e64fcd3d9c150 [stream]
[debug] [2025-12-12T14:40:34.910Z] <<< [apiv2][status] POST https://upload-firebasehosting.googleapis.com/upload/sites/buysmartly-demo-v2-001/versions/e46f3fc1f1ce63b7/files/cece8fbc5648422a4daa44ea2384a58bffabc54f1398d5bc77648729fc158f0c 200
[debug] [2025-12-12T14:40:34.910Z] <<< [apiv2][body] POST https://upload-firebasehosting.googleapis.com/upload/sites/buysmartly-demo-v2-001/versions/e46f3fc1f1ce63b7/files/cece8fbc5648422a4daa44ea2384a58bffabc54f1398d5bc77648729fc158f0c [stream]
[debug] [2025-12-12T14:40:34.911Z] <<< [apiv2][status] POST https://upload-firebasehosting.googleapis.com/upload/sites/buysmartly-demo-v2-001/versions/e46f3fc1f1ce63b7/files/d9bd0dedf7c547987429946f0e5deac9216a832ef5b08917e0aacdc3fb8d8865 200
[debug] [2025-12-12T14:40:34.911Z] <<< [apiv2][body] POST https://upload-firebasehosting.googleapis.com/upload/sites/buysmartly-demo-v2-001/versions/e46f3fc1f1ce63b7/files/d9bd0dedf7c547987429946f0e5deac9216a832ef5b08917e0aacdc3fb8d8865 [stream]
[debug] [2025-12-12T14:40:34.912Z] <<< [apiv2][status] POST https://upload-firebasehosting.googleapis.com/upload/sites/buysmartly-demo-v2-001/versions/e46f3fc1f1ce63b7/files/5b2632b4ea5416f78452239f166de4075f80d035bd443b47189c5e3f3b7d7038 200
[debug] [2025-12-12T14:40:34.912Z] <<< [apiv2][body] POST https://upload-firebasehosting.googleapis.com/upload/sites/buysmartly-demo-v2-001/versions/e46f3fc1f1ce63b7/files/5b2632b4ea5416f78452239f166de4075f80d035bd443b47189c5e3f3b7d7038 [stream]
[debug] [2025-12-12T14:40:34.913Z] <<< [apiv2][status] POST https://upload-firebasehosting.googleapis.com/upload/sites/buysmartly-demo-v2-001/versions/e46f3fc1f1ce63b7/files/82406efccfbaa0195ef86e8c8aa8fc71d38fb93a6aa0fbd00d90629d3bbe2342 200
[debug] [2025-12-12T14:40:34.913Z] <<< [apiv2][body] POST https://upload-firebasehosting.googleapis.com/upload/sites/buysmartly-demo-v2-001/versions/e46f3fc1f1ce63b7/files/82406efccfbaa0195ef86e8c8aa8fc71d38fb93a6aa0fbd00d90629d3bbe2342 [stream]
[debug] [2025-12-12T14:40:34.914Z] <<< [apiv2][status] POST https://upload-firebasehosting.googleapis.com/upload/sites/buysmartly-demo-v2-001/versions/e46f3fc1f1ce63b7/files/6fed11e2b980d082feb2ae75f0a56afaa2facaf5f638347a21bb4478685f8609 200
[debug] [2025-12-12T14:40:34.914Z] <<< [apiv2][body] POST https://upload-firebasehosting.googleapis.com/upload/sites/buysmartly-demo-v2-001/versions/e46f3fc1f1ce63b7/files/6fed11e2b980d082feb2ae75f0a56afaa2facaf5f638347a21bb4478685f8609 [stream]
[debug] [2025-12-12T14:40:34.915Z] <<< [apiv2][status] POST https://upload-firebasehosting.googleapis.com/upload/sites/buysmartly-demo-v2-001/versions/e46f3fc1f1ce63b7/files/6e8dd92068042842fcd4e938010d67215b1af3d6c780f97f9c87b918532a3ef7 200
[debug] [2025-12-12T14:40:34.915Z] <<< [apiv2][body] POST https://upload-firebasehosting.googleapis.com/upload/sites/buysmartly-demo-v2-001/versions/e46f3fc1f1ce63b7/files/6e8dd92068042842fcd4e938010d67215b1af3d6c780f97f9c87b918532a3ef7 [stream]
[debug] [2025-12-12T14:40:35.083Z] <<< [apiv2][status] POST https://upload-firebasehosting.googleapis.com/upload/sites/buysmartly-demo-v2-001/versions/e46f3fc1f1ce63b7/files/fd6de17d887b8454416438f02e02d5926604f7a8eaf0b3e41db985b8681ddea1 200
[debug] [2025-12-12T14:40:35.083Z] <<< [apiv2][body] POST https://upload-firebasehosting.googleapis.com/upload/sites/buysmartly-demo-v2-001/versions/e46f3fc1f1ce63b7/files/fd6de17d887b8454416438f02e02d5926604f7a8eaf0b3e41db985b8681ddea1 [stream]
[debug] [2025-12-12T14:40:35.102Z] <<< [apiv2][status] POST https://upload-firebasehosting.googleapis.com/upload/sites/buysmartly-demo-v2-001/versions/e46f3fc1f1ce63b7/files/4c3670ed028b5b4d9099a21dad979f053149f1273839a1c9802789791e5746cd 200
[debug] [2025-12-12T14:40:35.102Z] <<< [apiv2][body] POST https://upload-firebasehosting.googleapis.com/upload/sites/buysmartly-demo-v2-001/versions/e46f3fc1f1ce63b7/files/4c3670ed028b5b4d9099a21dad979f053149f1273839a1c9802789791e5746cd [stream]
[debug] [2025-12-12T14:40:35.112Z] <<< [apiv2][status] POST https://upload-firebasehosting.googleapis.com/upload/sites/buysmartly-demo-v2-001/versions/e46f3fc1f1ce63b7/files/7e78e46c4edb2277615cfaba91e6a32b8541751b616718e31d91fce39dbbeaec 200
[debug] [2025-12-12T14:40:35.112Z] <<< [apiv2][body] POST https://upload-firebasehosting.googleapis.com/upload/sites/buysmartly-demo-v2-001/versions/e46f3fc1f1ce63b7/files/7e78e46c4edb2277615cfaba91e6a32b8541751b616718e31d91fce39dbbeaec [stream]
[debug] [2025-12-12T14:40:35.166Z] <<< [apiv2][status] POST https://upload-firebasehosting.googleapis.com/upload/sites/buysmartly-demo-v2-001/versions/e46f3fc1f1ce63b7/files/df5b4cd0645928b867147492e4b77d3ec51d1c02acf766c74c572cb38f2d3cc5 200
[debug] [2025-12-12T14:40:35.166Z] <<< [apiv2][body] POST https://upload-firebasehosting.googleapis.com/upload/sites/buysmartly-demo-v2-001/versions/e46f3fc1f1ce63b7/files/df5b4cd0645928b867147492e4b77d3ec51d1c02acf766c74c572cb38f2d3cc5 [stream]
[debug] [2025-12-12T14:40:35.167Z] <<< [apiv2][status] POST https://upload-firebasehosting.googleapis.com/upload/sites/buysmartly-demo-v2-001/versions/e46f3fc1f1ce63b7/files/01d9730acdec77976e6056da6b8ed8f8cc143b09b0333ccf96ce4f62a8386d1e 200
[debug] [2025-12-12T14:40:35.167Z] <<< [apiv2][body] POST https://upload-firebasehosting.googleapis.com/upload/sites/buysmartly-demo-v2-001/versions/e46f3fc1f1ce63b7/files/01d9730acdec77976e6056da6b8ed8f8cc143b09b0333ccf96ce4f62a8386d1e [stream]
[debug] [2025-12-12T14:40:35.279Z] <<< [apiv2][status] POST https://upload-firebasehosting.googleapis.com/upload/sites/buysmartly-demo-v2-001/versions/e46f3fc1f1ce63b7/files/fb40e6ca61c5c6b57d8301d66bd83b877e37c790432e7d768247b4a368fe8a72 200
[debug] [2025-12-12T14:40:35.279Z] <<< [apiv2][body] POST https://upload-firebasehosting.googleapis.com/upload/sites/buysmartly-demo-v2-001/versions/e46f3fc1f1ce63b7/files/fb40e6ca61c5c6b57d8301d66bd83b877e37c790432e7d768247b4a368fe8a72 [stream]
[debug] [2025-12-12T14:40:35.667Z] <<< [apiv2][status] POST https://upload-firebasehosting.googleapis.com/upload/sites/buysmartly-demo-v2-001/versions/e46f3fc1f1ce63b7/files/849f2529edf7f5e92ab3c478d786267b035e3d8ffbfca5d2366244cb9e9d94da 200
[debug] [2025-12-12T14:40:35.668Z] <<< [apiv2][body] POST https://upload-firebasehosting.googleapis.com/upload/sites/buysmartly-demo-v2-001/versions/e46f3fc1f1ce63b7/files/849f2529edf7f5e92ab3c478d786267b035e3d8ffbfca5d2366244cb9e9d94da [stream]
[debug] [2025-12-12T14:40:35.733Z] <<< [apiv2][status] POST https://upload-firebasehosting.googleapis.com/upload/sites/buysmartly-demo-v2-001/versions/e46f3fc1f1ce63b7/files/291253760f97910822c95c505f991350c1d3adaa16754edcbe12ebdb2db7f986 200
[debug] [2025-12-12T14:40:35.733Z] <<< [apiv2][body] POST https://upload-firebasehosting.googleapis.com/upload/sites/buysmartly-demo-v2-001/versions/e46f3fc1f1ce63b7/files/291253760f97910822c95c505f991350c1d3adaa16754edcbe12ebdb2db7f986 [stream]
[debug] [2025-12-12T14:40:35.788Z] <<< [apiv2][status] POST https://upload-firebasehosting.googleapis.com/upload/sites/buysmartly-demo-v2-001/versions/e46f3fc1f1ce63b7/files/aa67fc3c767a1fde399788c96e8a7ec39680a522a61fcf0ea0671e3b2afe8d45 200
[debug] [2025-12-12T14:40:35.789Z] <<< [apiv2][body] POST https://upload-firebasehosting.googleapis.com/upload/sites/buysmartly-demo-v2-001/versions/e46f3fc1f1ce63b7/files/aa67fc3c767a1fde399788c96e8a7ec39680a522a61fcf0ea0671e3b2afe8d45 [stream]
[debug] [2025-12-12T14:40:35.812Z] <<< [apiv2][status] POST https://upload-firebasehosting.googleapis.com/upload/sites/buysmartly-demo-v2-001/versions/e46f3fc1f1ce63b7/files/2bedbdcb0f52a41a9cef5e84c2366e39fa828b2084158dbd143b3a3f631b7647 200
[debug] [2025-12-12T14:40:35.813Z] <<< [apiv2][body] POST https://upload-firebasehosting.googleapis.com/upload/sites/buysmartly-demo-v2-001/versions/e46f3fc1f1ce63b7/files/2bedbdcb0f52a41a9cef5e84c2366e39fa828b2084158dbd143b3a3f631b7647 [stream]
[debug] [2025-12-12T14:40:35.815Z] <<< [apiv2][status] POST https://upload-firebasehosting.googleapis.com/upload/sites/buysmartly-demo-v2-001/versions/e46f3fc1f1ce63b7/files/edc44000386d8f8e7163c030af34400c6d1ad238dffdd79d275483f24d6c556c 200
[debug] [2025-12-12T14:40:35.815Z] <<< [apiv2][body] POST https://upload-firebasehosting.googleapis.com/upload/sites/buysmartly-demo-v2-001/versions/e46f3fc1f1ce63b7/files/edc44000386d8f8e7163c030af34400c6d1ad238dffdd79d275483f24d6c556c [stream]
[debug] [2025-12-12T14:40:35.816Z] <<< [apiv2][status] POST https://upload-firebasehosting.googleapis.com/upload/sites/buysmartly-demo-v2-001/versions/e46f3fc1f1ce63b7/files/2af33d96fcd8aeb28f52a63a8031d4851813ae388208551ad0f335433690b77b 200
[debug] [2025-12-12T14:40:35.817Z] <<< [apiv2][body] POST https://upload-firebasehosting.googleapis.com/upload/sites/buysmartly-demo-v2-001/versions/e46f3fc1f1ce63b7/files/2af33d96fcd8aeb28f52a63a8031d4851813ae388208551ad0f335433690b77b [stream]
[debug] [2025-12-12T14:40:35.818Z] <<< [apiv2][status] POST https://upload-firebasehosting.googleapis.com/upload/sites/buysmartly-demo-v2-001/versions/e46f3fc1f1ce63b7/files/29f06a7ce952630e6adafab9e4f5f8b7931e35279298327fe51a7e08e7a434bc 200
[debug] [2025-12-12T14:40:35.818Z] <<< [apiv2][body] POST https://upload-firebasehosting.googleapis.com/upload/sites/buysmartly-demo-v2-001/versions/e46f3fc1f1ce63b7/files/29f06a7ce952630e6adafab9e4f5f8b7931e35279298327fe51a7e08e7a434bc [stream]
[debug] [2025-12-12T14:40:36.269Z] <<< [apiv2][status] POST https://upload-firebasehosting.googleapis.com/upload/sites/buysmartly-demo-v2-001/versions/e46f3fc1f1ce63b7/files/613ce6901a92453562070c177848d059e7e2090dc0fb07b1574a529f1e02ece7 200
[debug] [2025-12-12T14:40:36.269Z] <<< [apiv2][body] POST https://upload-firebasehosting.googleapis.com/upload/sites/buysmartly-demo-v2-001/versions/e46f3fc1f1ce63b7/files/613ce6901a92453562070c177848d059e7e2090dc0fb07b1574a529f1e02ece7 [stream]
[debug] [2025-12-12T14:40:36.452Z] <<< [apiv2][status] POST https://upload-firebasehosting.googleapis.com/upload/sites/buysmartly-demo-v2-001/versions/e46f3fc1f1ce63b7/files/661c005b1ebf95bb520578d7421bf511e0d91ecac507fc1818ee60c2e3127f64 200
[debug] [2025-12-12T14:40:36.452Z] <<< [apiv2][body] POST https://upload-firebasehosting.googleapis.com/upload/sites/buysmartly-demo-v2-001/versions/e46f3fc1f1ce63b7/files/661c005b1ebf95bb520578d7421bf511e0d91ecac507fc1818ee60c2e3127f64 [stream]
[debug] [2025-12-12T14:40:36.452Z] [hosting][upload queue][FINAL] {"max":4953,"min":3011,"avg":3546.088888888889,"active":0,"complete":45,"success":45,"errored":0,"retried":0,"total":45,"elapsed":4953}
[info] +  hosting[buysmartly-demo-v2-001]: file upload complete 
[debug] [2025-12-12T14:40:36.460Z] [hosting] deploy completed after 5424ms
[debug] [2025-12-12T14:40:36.461Z] [
  {
    "config": {
      "public": ".",
      "ignore": [
        "firebase.json",
        "**/.*",
        "**/node_modules/**"
      ],
      "rewrites": [],
      "site": "buysmartly-demo-v2-001"
    },
    "version": "projects/472042787228/sites/buysmartly-demo-v2-001/versions/e46f3fc1f1ce63b7"
  }
]
[info] i  hosting[buysmartly-demo-v2-001]: finalizing version... 
[debug] [2025-12-12T14:40:36.466Z] Checked if tokens are valid: true, expires at: 1765553787232
[debug] [2025-12-12T14:40:36.467Z] Checked if tokens are valid: true, expires at: 1765553787232
[debug] [2025-12-12T14:40:36.468Z] >>> [apiv2][query] PATCH https://firebasehosting.googleapis.com/v1beta1/projects/-/sites/buysmartly-demo-v2-001/versions/e46f3fc1f1ce63b7 updateMask=status%2Cconfig
[debug] [2025-12-12T14:40:36.468Z] >>> [apiv2][body] PATCH https://firebasehosting.googleapis.com/v1beta1/projects/-/sites/buysmartly-demo-v2-001/versions/e46f3fc1f1ce63b7 {"status":"FINALIZED","config":{"rewrites":[]}}
[debug] [2025-12-12T14:40:36.844Z] <<< [apiv2][status] PATCH https://firebasehosting.googleapis.com/v1beta1/projects/-/sites/buysmartly-demo-v2-001/versions/e46f3fc1f1ce63b7 200
[debug] [2025-12-12T14:40:36.845Z] <<< [apiv2][body] PATCH https://firebasehosting.googleapis.com/v1beta1/projects/-/sites/buysmartly-demo-v2-001/versions/e46f3fc1f1ce63b7 {"name":"projects/472042787228/sites/buysmartly-demo-v2-001/versions/e46f3fc1f1ce63b7","status":"FINALIZED","config":{},"labels":{"deployment-tool":"cli-firebase"},"createTime":"2025-12-12T14:40:30.229252Z","createUser":{"email":"EPeace43@gmail.com"},"finalizeTime":"2025-12-12T14:40:36.450139Z","finalizeUser":{"email":"EPeace43@gmail.com"}}
[debug] [2025-12-12T14:40:36.846Z] [hosting] finalized version for buysmartly-demo-v2-001:[object Object]
[info] +  hosting[buysmartly-demo-v2-001]: version finalized 
[info] i  hosting[buysmartly-demo-v2-001]: releasing new version... 
[debug] [2025-12-12T14:40:36.847Z] Checked if tokens are valid: true, expires at: 1765553787232
[debug] [2025-12-12T14:40:36.847Z] Checked if tokens are valid: true, expires at: 1765553787232
[debug] [2025-12-12T14:40:36.848Z] >>> [apiv2][query] POST https://firebasehosting.googleapis.com/v1beta1/projects/-/sites/buysmartly-demo-v2-001/channels/live/releases versionName=projects%2F472042787228%2Fsites%2Fbuysmartly-demo-v2-001%2Fversions%2Fe46f3fc1f1ce63b7
[debug] [2025-12-12T14:40:36.848Z] >>> [apiv2][body] POST https://firebasehosting.googleapis.com/v1beta1/projects/-/sites/buysmartly-demo-v2-001/channels/live/releases {}
[debug] [2025-12-12T14:40:37.253Z] <<< [apiv2][status] POST https://firebasehosting.googleapis.com/v1beta1/projects/-/sites/buysmartly-demo-v2-001/channels/live/releases 200
[debug] [2025-12-12T14:40:37.259Z] <<< [apiv2][body] POST https://firebasehosting.googleapis.com/v1beta1/projects/-/sites/buysmartly-demo-v2-001/channels/live/releases {"name":"projects/472042787228/sites/buysmartly-demo-v2-001/channels/live/releases/1765550436285000","version":{"name":"projects/472042787228/sites/buysmartly-demo-v2-001/versions/e46f3fc1f1ce63b7","status":"FINALIZED","config":{},"labels":{"deployment-tool":"cli-firebase"},"createTime":"2025-12-12T14:40:30.229252Z","createUser":{"email":"EPeace43@gmail.com","imageUrl":"https://lh3.googleusercontent.com/a-/ALV-UjXjp0kzvsUEGLdtWNuhtV1OJVQadyIih9yXK-wpaKiqdSsSBetV"},"finalizeTime":"2025-12-12T14:40:36.450139Z","finalizeUser":{"email":"EPeace43@gmail.com","imageUrl":"https://lh3.googleusercontent.com/a-/ALV-UjXjp0kzvsUEGLdtWNuhtV1OJVQadyIih9yXK-wpaKiqdSsSBetV"}},"type":"DEPLOY","releaseTime":"2025-12-12T14:40:36.285Z","releaseUser":{"email":"EPeace43@gmail.com","imageUrl":"https://lh3.googleusercontent.com/a-/ALV-UjXjp0kzvsUEGLdtWNuhtV1OJVQadyIih9yXK-wpaKiqdSsSBetV"}}
[debug] [2025-12-12T14:40:37.259Z] [hosting] release: {"name":"projects/472042787228/sites/buysmartly-demo-v2-001/channels/live/releases/1765550436285000","version":{"name":"projects/472042787228/sites/buysmartly-demo-v2-001/versions/e46f3fc1f1ce63b7","status":"FINALIZED","config":{},"labels":{"deployment-tool":"cli-firebase"},"createTime":"2025-12-12T14:40:30.229252Z","createUser":{"email":"EPeace43@gmail.com","imageUrl":"https://lh3.googleusercontent.com/a-/ALV-UjXjp0kzvsUEGLdtWNuhtV1OJVQadyIih9yXK-wpaKiqdSsSBetV"},"finalizeTime":"2025-12-12T14:40:36.450139Z","finalizeUser":{"email":"EPeace43@gmail.com","imageUrl":"https://lh3.googleusercontent.com/a-/ALV-UjXjp0kzvsUEGLdtWNuhtV1OJVQadyIih9yXK-wpaKiqdSsSBetV"}},"type":"DEPLOY","releaseTime":"2025-12-12T14:40:36.285Z","releaseUser":{"email":"EPeace43@gmail.com","imageUrl":"https://lh3.googleusercontent.com/a-/ALV-UjXjp0kzvsUEGLdtWNuhtV1OJVQadyIih9yXK-wpaKiqdSsSBetV"}}
[info] +  hosting[buysmartly-demo-v2-001]: release complete 
[info] 
[info] +  Deploy complete! 
[info] 
[info] Project Console: https://console.firebase.google.com/project/buysmartly-demo-v2-001/overview
[info] Hosting URL: https://buysmartly-demo-v2-001.web.app
[debug] [2025-12-12T14:40:42.460Z] Error: Timed out.
    at Timeout._onTimeout (C:\Users\epeac\AppData\Roaming\npm\node_modules\firebase-tools\lib\utils.js:275:49)
    at listOnTimeout (node:internal/timers:588:17)
    at process.processTimers (node:internal/timers:523:7)
[error] 
[error] Error: An unexpected error has occurred.
